<?xml version="1.0" encoding="utf-8"?><testsuites name="pytest tests"><testsuite name="pytest" errors="0" failures="0" skipped="0" tests="21" time="1.508" timestamp="2026-02-04T22:36:07.636125+00:00" hostname="agent-env-d5ca0277-312d-467a-b9ce-3e7ca92a3111"><testcase classname="backend.tests.test_fase1_features.TestCryptoPrices" name="test_get_crypto_prices_returns_4_coins" time="0.176" /><testcase classname="backend.tests.test_fase1_features.TestCryptoPrices" name="test_crypto_prices_have_required_fields" time="0.102" /><testcase classname="backend.tests.test_fase1_features.TestFearGreedIndex" name="test_get_fear_greed_index" time="0.203" /><testcase classname="backend.tests.test_fase1_features.TestMarketIndices" name="test_get_market_indices" time="0.048" /><testcase classname="backend.tests.test_fase1_features.TestMarketIndices" name="test_market_indices_bitcoin_rainbow" time="0.056" /><testcase classname="backend.tests.test_fase1_features.TestArticles" name="test_get_articles_returns_5_articles" time="0.043" /><testcase classname="backend.tests.test_fase1_features.TestArticles" name="test_stablecoins_article_exists" time="0.039" /><testcase classname="backend.tests.test_fase1_features.TestArticles" name="test_ai_agents_article_exists" time="0.043" /><testcase classname="backend.tests.test_fase1_features.TestArticles" name="test_crypto_2026_article_exists" time="0.041" /><testcase classname="backend.tests.test_fase1_features.TestArticles" name="test_articles_have_relevant_images" time="0.045" /><testcase classname="backend.tests.test_fase1_features.TestAirdrops" name="test_get_airdrops_returns_15" time="0.048" /><testcase classname="backend.tests.test_fase1_features.TestAirdrops" name="test_airdrops_have_dicebear_logos" time="0.042" /><testcase classname="backend.tests.test_fase1_features.TestAirdrops" name="test_airdrops_have_reward_note" time="0.045" /><testcase classname="backend.tests.test_fase1_features.TestAirdrops" name="test_airdrops_have_estimated_reward" time="0.058" /><testcase classname="backend.tests.test_fase1_features.TestAirdrops" name="test_airdrop_detail_has_reward_note" time="0.042" /><testcase classname="backend.tests.test_fase1_features.TestFeedback" name="test_submit_feedback_success" time="0.048" /><testcase classname="backend.tests.test_fase1_features.TestFeedback" name="test_submit_feedback_validation" time="0.045" /><testcase classname="backend.tests.test_fase1_features.TestFeedback" name="test_get_admin_feedback" time="0.042" /><testcase classname="backend.tests.test_fase1_features.TestFeedback" name="test_mark_feedback_read" time="0.091" /><testcase classname="backend.tests.test_fase1_features.TestMarketStats" name="test_get_market_stats" time="0.041" /><testcase classname="backend.tests.test_fase1_features.TestGainersLosers" name="test_get_gainers_losers" time="0.039" /></testsuite></testsuites>