<?xml version="1.0" encoding="utf-8"?><testsuites name="pytest tests"><testsuite name="pytest" errors="0" failures="0" skipped="0" tests="16" time="1.106" timestamp="2026-02-04T23:14:54.843594+00:00" hostname="agent-env-f27bdf05-5667-475e-a0dc-a8ce5bea7bf3"><testcase classname="backend.tests.test_fase3_consulting_alerts.TestConsultingAPI" name="test_submit_consulting_personal" time="0.124" /><testcase classname="backend.tests.test_fase3_consulting_alerts.TestConsultingAPI" name="test_submit_consulting_business" time="0.041" /><testcase classname="backend.tests.test_fase3_consulting_alerts.TestConsultingAPI" name="test_submit_consulting_without_company" time="0.039" /><testcase classname="backend.tests.test_fase3_consulting_alerts.TestConsultingAPI" name="test_get_consulting_requests" time="0.040" /><testcase classname="backend.tests.test_fase3_consulting_alerts.TestConsultingAPI" name="test_consulting_request_persistence" time="0.079" /><testcase classname="backend.tests.test_fase3_consulting_alerts.TestConsultingStatusUpdate" name="test_update_consulting_status_to_contacted" time="0.155" /><testcase classname="backend.tests.test_fase3_consulting_alerts.TestAlertSubscriptionAPI" name="test_subscribe_to_alerts" time="0.040" /><testcase classname="backend.tests.test_fase3_consulting_alerts.TestAlertSubscriptionAPI" name="test_subscribe_duplicate_email" time="0.077" /><testcase classname="backend.tests.test_fase3_consulting_alerts.TestAlertSubscriptionAPI" name="test_get_alert_subscribers" time="0.040" /><testcase classname="backend.tests.test_fase3_consulting_alerts.TestAlertSubscriptionAPI" name="test_subscriber_persistence" time="0.115" /><testcase classname="backend.tests.test_fase3_consulting_alerts.TestAlertSubscriptionAPI" name="test_unsubscribe_from_alerts" time="0.069" /><testcase classname="backend.tests.test_fase3_consulting_alerts.TestEarlySignalsAPI" name="test_get_early_signals" time="0.036" /><testcase classname="backend.tests.test_fase3_consulting_alerts.TestAdminTabsData" name="test_admin_payments_pending" time="0.037" /><testcase classname="backend.tests.test_fase3_consulting_alerts.TestAdminTabsData" name="test_admin_payments_verified" time="0.034" /><testcase classname="backend.tests.test_fase3_consulting_alerts.TestAdminTabsData" name="test_admin_users" time="0.033" /><testcase classname="backend.tests.test_fase3_consulting_alerts.TestAdminTabsData" name="test_admin_feedback" time="0.040" /></testsuite></testsuites>