<?xml version="1.0" encoding="utf-8"?><testsuites name="pytest tests"><testsuite name="pytest" errors="0" failures="0" skipped="0" tests="11" time="2.037" timestamp="2026-02-05T19:14:45.262929+00:00" hostname="agent-env-2f10d19b-3030-4deb-9c55-b2d67ef67b25"><testcase classname="backend.tests.test_market_indices_api.TestMarketIndicesAPIs" name="test_api_root" time="0.094" /><testcase classname="backend.tests.test_market_indices_api.TestMarketIndicesAPIs" name="test_fear_greed_index" time="0.166" /><testcase classname="backend.tests.test_market_indices_api.TestMarketIndicesAPIs" name="test_stablecoins_data" time="0.176" /><testcase classname="backend.tests.test_market_indices_api.TestMarketIndicesAPIs" name="test_defi_tvl" time="0.143" /><testcase classname="backend.tests.test_market_indices_api.TestMarketIndicesAPIs" name="test_global_market_data" time="0.130" /><testcase classname="backend.tests.test_market_indices_api.TestArticlesAPI" name="test_articles_list" time="0.312" /><testcase classname="backend.tests.test_market_indices_api.TestArticlesAPI" name="test_articles_no_emojis_in_titles" time="0.202" /><testcase classname="backend.tests.test_market_indices_api.TestArticlesAPI" name="test_articles_have_tables_in_content" time="0.203" /><testcase classname="backend.tests.test_market_indices_api.TestArticlesAPI" name="test_article_detail" time="0.187" /><testcase classname="backend.tests.test_market_indices_api.TestArticlesAPI" name="test_article_content_has_owl_signature" time="0.195" /><testcase classname="backend.tests.test_market_indices_api.TestCryptoPricesAPI" name="test_crypto_prices" time="0.152" /></testsuite></testsuites>