<?xml version="1.0" encoding="utf-8"?><testsuites name="pytest tests"><testsuite name="pytest" errors="0" failures="0" skipped="0" tests="16" time="1.265" timestamp="2026-02-04T18:36:32.048727+00:00" hostname="agent-env-d5ca0277-312d-467a-b9ce-3e7ca92a3111"><testcase classname="backend.tests.test_airdrops_api.TestAirdropsAPI" name="test_get_all_airdrops_returns_15" time="0.076" /><testcase classname="backend.tests.test_airdrops_api.TestAirdropsAPI" name="test_airdrop_has_required_fields" time="0.042" /><testcase classname="backend.tests.test_airdrops_api.TestAirdropsAPI" name="test_airdrop_has_extended_fields" time="0.040" /><testcase classname="backend.tests.test_airdrops_api.TestAirdropsAPI" name="test_get_single_airdrop_by_id" time="0.037" /><testcase classname="backend.tests.test_airdrops_api.TestAirdropsAPI" name="test_airdrop_detail_has_full_description" time="0.035" /><testcase classname="backend.tests.test_airdrops_api.TestAirdropsAPI" name="test_airdrop_detail_has_backing_info" time="0.032" /><testcase classname="backend.tests.test_airdrops_api.TestAirdropsAPI" name="test_airdrop_detail_has_timeline" time="0.035" /><testcase classname="backend.tests.test_airdrops_api.TestAirdropsAPI" name="test_airdrop_tasks_structure" time="0.033" /><testcase classname="backend.tests.test_airdrops_api.TestAirdropsAPI" name="test_premium_airdrops_exist" time="0.033" /><testcase classname="backend.tests.test_airdrops_api.TestAirdropsAPI" name="test_airdrop_not_found_returns_404" time="0.038" /><testcase classname="backend.tests.test_airdrops_api.TestAirdropsAPI" name="test_task_toggle_endpoint" time="0.035" /><testcase classname="backend.tests.test_airdrops_api.TestAirdropsAPI" name="test_all_15_airdrops_accessible" time="0.543" /><testcase classname="backend.tests.test_airdrops_api.TestAirdropsAPI" name="test_difficulty_values_valid" time="0.032" /><testcase classname="backend.tests.test_airdrops_api.TestAirdropsAPI" name="test_chain_values_present" time="0.030" /><testcase classname="backend.tests.test_airdrops_api.TestAPIHealth" name="test_api_root" time="0.073" /><testcase classname="backend.tests.test_airdrops_api.TestAPIHealth" name="test_crypto_prices_endpoint" time="0.035" /></testsuite></testsuites>